TN:
SF:config.js
FNF:0
FNH:0
DA:3,2
LF:1
LH:1
BRF:0
BRH:0
end_of_record
TN:
SF:grpcClient.js
FN:18,callGrpc
FN:33,(anonymous_1)
FN:34,(anonymous_2)
FN:35,(anonymous_3)
FN:36,(anonymous_4)
FN:37,(anonymous_5)
FN:38,(anonymous_6)
FN:39,(anonymous_7)
FN:40,(anonymous_8)
FN:41,(anonymous_9)
FN:42,(anonymous_10)
FN:43,(anonymous_11)
FN:44,(anonymous_12)
FN:45,(anonymous_13)
FN:46,(anonymous_14)
FNF:15
FNH:4
FNDA:13,callGrpc
FNDA:0,(anonymous_1)
FNDA:0,(anonymous_2)
FNDA:7,(anonymous_3)
FNDA:0,(anonymous_4)
FNDA:3,(anonymous_5)
FNDA:0,(anonymous_6)
FNDA:0,(anonymous_7)
FNDA:0,(anonymous_8)
FNDA:0,(anonymous_9)
FNDA:0,(anonymous_10)
FNDA:0,(anonymous_11)
FNDA:0,(anonymous_12)
FNDA:3,(anonymous_13)
FNDA:0,(anonymous_14)
DA:15,3
DA:16,3
DA:19,13
DA:20,13
DA:22,13
DA:23,13
DA:24,13
DA:25,9
DA:27,4
DA:31,3
DA:33,0
DA:34,0
DA:35,7
DA:36,0
DA:37,3
DA:38,0
DA:39,0
DA:40,0
DA:41,0
DA:42,0
DA:43,0
DA:44,0
DA:45,3
DA:46,0
LF:24
LH:13
BRF:0
BRH:0
end_of_record
TN:
SF:initDb.js
FN:4,initializeDatabase
FN:68,(anonymous_1)
FN:77,(anonymous_2)
FNF:3
FNH:3
FNDA:7,initializeDatabase
FNDA:7,(anonymous_1)
FNDA:12,(anonymous_2)
DA:5,7
DA:57,7
DA:66,7
DA:67,7
DA:68,7
DA:70,7
DA:71,49
DA:72,49
DA:76,7
DA:77,2
DA:78,12
DA:83,2
DA:87,7
DA:89,0
DA:90,0
LF:15
LH:13
BRDA:4,0,0,5
BRDA:76,1,0,2
BRDA:76,1,1,5
BRF:3
BRH:3
end_of_record
TN:
SF:utils.js
FN:23,log
FN:51,initializeBlockHeight
FN:68,retryOperation
FN:75,(anonymous_3)
FN:91,sendContractQueryGrpc
FN:124,sendContractQuery
FN:133,fetchDataGrpc
FN:134,(anonymous_7)
FN:166,fetchData
FN:204,(anonymous_9)
FN:208,fetchPaginatedDataGrpc
FN:271,fetchPaginatedData
FN:294,batchInsertOrUpdate
FN:300,(anonymous_13)
FN:302,(anonymous_14)
FN:311,(anonymous_15)
FN:318,(anonymous_16)
FN:323,(anonymous_17)
FN:327,(anonymous_18)
FN:366,createWebSocketConnection
FN:369,(anonymous_20)
FN:373,(anonymous_21)
FN:383,(anonymous_22)
FN:388,(anonymous_23)
FN:396,checkProgress
FN:410,updateProgress
FNF:26
FNH:17
FNDA:131,log
FNDA:3,initializeBlockHeight
FNDA:11,retryOperation
FNDA:15,(anonymous_3)
FNDA:3,sendContractQueryGrpc
FNDA:0,sendContractQuery
FNDA:8,fetchDataGrpc
FNDA:15,(anonymous_7)
FNDA:0,fetchData
FNDA:0,(anonymous_9)
FNDA:2,fetchPaginatedDataGrpc
FNDA:0,fetchPaginatedData
FNDA:3,batchInsertOrUpdate
FNDA:5,(anonymous_13)
FNDA:2,(anonymous_14)
FNDA:5,(anonymous_15)
FNDA:0,(anonymous_16)
FNDA:0,(anonymous_17)
FNDA:0,(anonymous_18)
FNDA:3,createWebSocketConnection
FNDA:0,(anonymous_20)
FNDA:0,(anonymous_21)
FNDA:3,(anonymous_22)
FNDA:3,(anonymous_23)
FNDA:2,checkProgress
FNDA:2,updateProgress
DA:12,2
DA:13,2
DA:16,2
DA:17,2
DA:18,2
DA:24,131
DA:25,131
DA:28,131
DA:31,131
DA:32,131
DA:35,131
DA:36,131
DA:40,131
DA:41,102
DA:42,102
DA:44,102
DA:47,102
DA:52,3
DA:53,3
DA:55,3
DA:56,1
DA:57,0
DA:59,1
DA:60,1
DA:63,0
DA:69,11
DA:70,21
DA:71,21
DA:73,15
DA:74,15
DA:75,15
DA:76,13
DA:79,3
DA:80,3
DA:92,3
DA:93,3
DA:94,3
DA:96,3
DA:97,3
DA:103,3
DA:104,0
DA:107,3
DA:109,0
DA:110,0
DA:111,0
DA:114,0
DA:116,3
DA:117,2
DA:119,3
DA:125,0
DA:134,8
DA:135,15
DA:137,15
DA:145,15
DA:148,15
DA:149,15
DA:150,11
DA:153,15
DA:154,15
DA:155,4
DA:157,4
DA:159,11
DA:160,11
DA:168,0
DA:172,0
DA:174,0
DA:175,0
DA:176,0
DA:178,0
DA:180,0
DA:181,0
DA:183,0
DA:184,0
DA:186,0
DA:189,0
DA:190,0
DA:191,0
DA:192,0
DA:194,0
DA:195,0
DA:198,0
DA:199,0
DA:200,0
DA:204,0
DA:216,2
DA:218,2
DA:219,2
DA:220,2
DA:222,2
DA:224,2
DA:226,2
DA:234,2
DA:236,2
DA:238,2
DA:239,0
DA:240,0
DA:244,2
DA:245,2
DA:247,2
DA:250,2
DA:252,2
DA:255,0
DA:256,0
DA:259,0
DA:261,0
DA:262,0
DA:266,2
DA:267,2
DA:274,0
DA:276,0
DA:277,0
DA:280,0
DA:281,0
DA:282,0
DA:283,0
DA:287,0
DA:295,3
DA:296,1
DA:297,1
DA:300,5
DA:301,2
DA:302,2
DA:305,2
DA:309,2
DA:311,5
DA:315,2
DA:316,0
DA:318,0
DA:319,0
DA:320,0
DA:322,0
DA:323,0
DA:327,0
DA:328,0
DA:329,0
DA:331,0
DA:334,0
DA:337,0
DA:341,0
DA:342,0
DA:343,0
DA:348,0
DA:349,0
DA:352,0
DA:357,0
DA:358,0
DA:359,0
DA:361,0
DA:362,0
DA:367,3
DA:369,3
DA:370,0
DA:373,3
DA:374,0
DA:375,0
DA:376,0
DA:377,0
DA:379,0
DA:383,3
DA:384,3
DA:385,3
DA:388,3
DA:389,3
DA:392,3
DA:397,2
DA:398,2
DA:399,2
DA:400,0
DA:402,2
DA:404,0
DA:405,0
DA:411,2
DA:412,2
DA:415,2
DA:417,0
LF:175
LH:98
BRDA:23,0,0,0
BRDA:25,1,0,131
BRDA:25,1,1,0
BRDA:28,2,0,0
BRDA:28,2,1,131
BRDA:35,3,0,131
BRDA:35,3,1,0
BRDA:35,4,0,131
BRDA:35,4,1,110
BRDA:35,4,2,0
BRDA:35,4,3,0
BRDA:40,5,0,102
BRDA:40,5,1,29
BRDA:40,6,0,131
BRDA:40,6,1,131
BRDA:44,7,0,0
BRDA:44,7,1,102
BRDA:52,8,0,3
BRDA:52,8,1,0
BRDA:52,9,0,3
BRDA:52,9,1,0
BRDA:68,10,0,1
BRDA:68,11,0,9
BRDA:68,12,0,9
BRDA:91,13,0,0
BRDA:103,14,0,0
BRDA:103,14,1,3
BRDA:109,15,0,0
BRDA:109,15,1,0
BRDA:109,16,0,0
BRDA:109,16,1,0
BRDA:116,17,0,2
BRDA:116,17,1,1
BRDA:124,18,0,0
BRDA:124,19,0,0
BRDA:133,20,0,7
BRDA:145,21,0,15
BRDA:145,21,1,2
BRDA:149,22,0,11
BRDA:149,22,1,4
BRDA:166,23,0,0
BRDA:174,24,0,0
BRDA:174,24,1,0
BRDA:178,25,0,0
BRDA:178,25,1,0
BRDA:180,26,0,0
BRDA:180,26,1,0
BRDA:180,27,0,0
BRDA:180,27,1,0
BRDA:183,28,0,0
BRDA:183,28,1,0
BRDA:183,29,0,0
BRDA:183,29,1,0
BRDA:190,30,0,0
BRDA:190,30,1,0
BRDA:194,31,0,0
BRDA:194,31,1,0
BRDA:199,32,0,0
BRDA:199,32,1,0
BRDA:208,33,0,2
BRDA:210,34,0,2
BRDA:211,35,0,2
BRDA:212,36,0,2
BRDA:213,37,0,2
BRDA:214,38,0,2
BRDA:215,39,0,2
BRDA:230,40,0,2
BRDA:230,40,1,0
BRDA:238,41,0,0
BRDA:238,41,1,2
BRDA:244,42,0,0
BRDA:244,42,1,2
BRDA:250,43,0,2
BRDA:250,43,1,2
BRDA:252,44,0,2
BRDA:252,44,1,0
BRDA:255,45,0,0
BRDA:255,45,1,0
BRDA:259,46,0,0
BRDA:259,46,1,0
BRDA:271,47,0,0
BRDA:276,48,0,0
BRDA:276,48,1,0
BRDA:281,49,0,0
BRDA:281,49,1,0
BRDA:281,50,0,0
BRDA:281,50,1,0
BRDA:295,51,0,1
BRDA:295,51,1,2
BRDA:295,52,0,3
BRDA:295,52,1,3
BRDA:301,53,0,1
BRDA:301,53,1,1
BRDA:322,54,0,0
BRDA:322,54,1,0
BRDA:328,55,0,0
BRDA:328,55,1,0
BRDA:328,56,0,0
BRDA:328,56,1,0
BRDA:331,57,0,0
BRDA:331,57,1,0
BRDA:341,58,0,0
BRDA:341,58,1,0
BRDA:385,59,0,1
BRDA:385,59,1,2
BRDA:399,60,0,0
BRDA:399,60,1,2
BRDA:410,61,0,1
BRDA:410,62,0,1
BRDA:410,63,0,1
BRF:110
BRH:48
end_of_record
TN:
SF:__tests__/test-helpers.js
FN:13,setupMocks
FN:15,(anonymous_1)
FN:25,(anonymous_2)
FN:40,(anonymous_3)
FN:73,(anonymous_4)
FN:168,(anonymous_5)
FN:170,(anonymous_6)
FN:183,(anonymous_7)
FN:184,(anonymous_8)
FN:202,(anonymous_9)
FN:206,(anonymous_10)
FN:212,(anonymous_11)
FN:226,(anonymous_12)
FN:226,(anonymous_13)
FN:229,(anonymous_14)
FN:275,(anonymous_15)
FN:285,(anonymous_16)
FN:298,(anonymous_17)
FN:302,(anonymous_18)
FN:306,(anonymous_19)
FN:314,(anonymous_20)
FN:319,(anonymous_21)
FN:320,(anonymous_22)
FN:326,(anonymous_23)
FN:327,(anonymous_24)
FN:327,(anonymous_25)
FN:328,(anonymous_26)
FN:329,(anonymous_27)
FN:338,(anonymous_28)
FN:347,(anonymous_29)
FN:348,(anonymous_30)
FN:349,(anonymous_31)
FNF:32
FNH:6
FNDA:3,setupMocks
FNDA:1,(anonymous_1)
FNDA:0,(anonymous_2)
FNDA:0,(anonymous_3)
FNDA:0,(anonymous_4)
FNDA:0,(anonymous_5)
FNDA:0,(anonymous_6)
FNDA:0,(anonymous_7)
FNDA:0,(anonymous_8)
FNDA:0,(anonymous_9)
FNDA:1,(anonymous_10)
FNDA:0,(anonymous_11)
FNDA:0,(anonymous_12)
FNDA:0,(anonymous_13)
FNDA:0,(anonymous_14)
FNDA:0,(anonymous_15)
FNDA:1,(anonymous_16)
FNDA:1,(anonymous_17)
FNDA:0,(anonymous_18)
FNDA:0,(anonymous_19)
FNDA:0,(anonymous_20)
FNDA:1,(anonymous_21)
FNDA:0,(anonymous_22)
FNDA:0,(anonymous_23)
FNDA:0,(anonymous_24)
FNDA:0,(anonymous_25)
FNDA:0,(anonymous_26)
FNDA:0,(anonymous_27)
FNDA:0,(anonymous_28)
FNDA:0,(anonymous_29)
FNDA:0,(anonymous_30)
FNDA:0,(anonymous_31)
DA:6,3
DA:15,3
DA:26,0
DA:27,0
DA:32,0
DA:33,0
DA:38,0
DA:41,0
DA:42,0
DA:51,0
DA:52,0
DA:61,0
DA:62,0
DA:71,0
DA:74,0
DA:77,0
DA:78,0
DA:81,0
DA:82,0
DA:86,0
DA:87,0
DA:95,0
DA:96,0
DA:97,0
DA:109,0
DA:110,0
DA:121,0
DA:122,0
DA:130,0
DA:131,0
DA:138,0
DA:168,3
DA:169,0
DA:170,0
DA:171,0
DA:177,0
DA:183,0
DA:184,0
DA:185,0
DA:186,0
DA:188,0
DA:189,0
DA:194,0
DA:202,0
DA:206,3
DA:207,1
DA:213,0
DA:214,0
DA:215,0
DA:216,0
DA:217,0
DA:218,0
DA:219,0
DA:226,0
DA:231,0
DA:232,0
DA:233,0
DA:239,0
DA:240,0
DA:249,0
DA:250,0
DA:256,0
DA:257,0
DA:263,0
DA:264,0
DA:270,0
DA:275,0
DA:285,3
DA:298,3
DA:299,1
DA:301,1
DA:303,0
DA:304,0
DA:307,0
DA:308,0
DA:313,1
DA:314,0
DA:319,3
DA:321,0
DA:326,3
DA:327,0
DA:328,0
DA:329,0
DA:330,0
DA:331,0
DA:338,3
DA:347,3
DA:348,0
DA:349,0
LF:89
LH:14
BRDA:26,0,0,0
BRDA:26,0,1,0
BRDA:32,1,0,0
BRDA:32,1,1,0
BRDA:41,2,0,0
BRDA:41,2,1,0
BRDA:51,3,0,0
BRDA:51,3,1,0
BRDA:61,4,0,0
BRDA:61,4,1,0
BRDA:77,5,0,0
BRDA:77,5,1,0
BRDA:77,6,0,0
BRDA:77,6,1,0
BRDA:81,7,0,0
BRDA:81,7,1,0
BRDA:81,8,0,0
BRDA:81,8,1,0
BRDA:86,9,0,0
BRDA:86,9,1,0
BRDA:86,10,0,0
BRDA:86,10,1,0
BRDA:95,11,0,0
BRDA:95,11,1,0
BRDA:95,12,0,0
BRDA:95,12,1,0
BRDA:109,13,0,0
BRDA:109,13,1,0
BRDA:109,14,0,0
BRDA:109,14,1,0
BRDA:121,15,0,0
BRDA:121,15,1,0
BRDA:121,16,0,0
BRDA:121,16,1,0
BRDA:130,17,0,0
BRDA:130,17,1,0
BRDA:130,18,0,0
BRDA:130,18,1,0
BRDA:213,19,0,0
BRDA:213,19,1,0
BRDA:214,20,0,0
BRDA:214,20,1,0
BRDA:215,21,0,0
BRDA:215,21,1,0
BRDA:216,22,0,0
BRDA:216,22,1,0
BRDA:217,23,0,0
BRDA:217,23,1,0
BRDA:218,24,0,0
BRDA:218,24,1,0
BRDA:231,25,0,0
BRDA:231,25,1,0
BRDA:232,26,0,0
BRDA:232,26,1,0
BRDA:239,27,0,0
BRDA:239,27,1,0
BRDA:249,28,0,0
BRDA:249,28,1,0
BRDA:249,29,0,0
BRDA:249,29,1,0
BRDA:256,30,0,0
BRDA:256,30,1,0
BRDA:256,31,0,0
BRDA:256,31,1,0
BRDA:263,32,0,0
BRDA:263,32,1,0
BRDA:263,33,0,0
BRDA:263,33,1,0
BRDA:307,34,0,0
BRDA:307,34,1,0
BRDA:330,35,0,0
BRDA:330,35,1,0
BRF:72
BRH:0
end_of_record
